

Processing ApplicationController#index (for 127.0.0.1 at 2010-09-03 17:42:05) [GET]

ActionController::RoutingError (No route matches "/bookmarks" with {:method=>:get}):
  

Rendering rescues/layout (not_found)
  [4;36;1mSQL (0.3ms)[0m   [0;1m SELECT name
 FROM sqlite_master
 WHERE type = 'table' AND NOT name = 'sqlite_sequence'
[0m
  [4;35;1mSQL (0.1ms)[0m   [0mselect sqlite_version(*)[0m
  [4;36;1mSQL (14.4ms)[0m   [0;1mCREATE TABLE "schema_migrations" ("version" varchar(255) NOT NULL) [0m
  [4;35;1mSQL (0.1ms)[0m   [0mPRAGMA index_list("schema_migrations")[0m
  [4;36;1mSQL (43.9ms)[0m   [0;1mCREATE UNIQUE INDEX "unique_schema_migrations" ON "schema_migrations" ("version")[0m
  [4;35;1mSQL (0.3ms)[0m   [0m SELECT name
 FROM sqlite_master
 WHERE type = 'table' AND NOT name = 'sqlite_sequence'
[0m
  [4;36;1mSQL (0.1ms)[0m   [0;1mSELECT version FROM schema_migrations[0m
  [4;36;1mSQL (0.4ms)[0m   [0;1m SELECT name
 FROM sqlite_master
 WHERE type = 'table' AND NOT name = 'sqlite_sequence'
[0m
  [4;35;1mSQL (0.1ms)[0m   [0mSELECT version FROM schema_migrations[0m
Migrating to CreateCountries (20100903153316)
  [4;36;1mSQL (0.1ms)[0m   [0;1mselect sqlite_version(*)[0m
  [4;35;1mSQL (26.6ms)[0m   [0mCREATE TABLE "countries" ("id" INTEGER PRIMARY KEY AUTOINCREMENT NOT NULL, "code" varchar(2), "name" varchar(255), "created_at" datetime, "updated_at" datetime) [0m
  [4;36;1mSQL (0.3ms)[0m   [0;1mINSERT INTO schema_migrations (version) VALUES ('20100903153316')[0m
  [4;35;1mSQL (0.4ms)[0m   [0m SELECT name
 FROM sqlite_master
 WHERE type = 'table' AND NOT name = 'sqlite_sequence'
[0m
  [4;36;1mSQL (0.2ms)[0m   [0;1mSELECT version FROM schema_migrations[0m
  [4;35;1mSQL (0.3ms)[0m   [0m SELECT name
 FROM sqlite_master
 WHERE type = 'table' AND NOT name = 'sqlite_sequence'
[0m
  [4;36;1mSQL (0.1ms)[0m   [0;1mPRAGMA index_list("countries")[0m
  [4;36;1mSQL (0.5ms)[0m   [0;1m SELECT name
 FROM sqlite_master
 WHERE type = 'table' AND NOT name = 'sqlite_sequence'
[0m
  [4;35;1mSQL (0.1ms)[0m   [0mSELECT version FROM schema_migrations[0m
  [4;36;1mSQL (0.2ms)[0m   [0;1mselect sqlite_version(*)[0m
  [4;35;1mSQL (0.3ms)[0m   [0m SELECT name
 FROM sqlite_master
 WHERE type = 'table' AND NOT name = 'sqlite_sequence'
[0m
  [4;36;1mSQL (2.6ms)[0m   [0;1mCREATE TABLE "countries" ("id" INTEGER PRIMARY KEY AUTOINCREMENT NOT NULL, "code" varchar(2), "name" varchar(255), "created_at" datetime, "updated_at" datetime) [0m
  [4;35;1mSQL (0.2ms)[0m   [0m SELECT name
 FROM sqlite_master
 WHERE type = 'table' AND NOT name = 'sqlite_sequence'
[0m
  [4;36;1mSQL (3.1ms)[0m   [0;1mCREATE TABLE "schema_migrations" ("version" varchar(255) NOT NULL) [0m
  [4;35;1mSQL (0.1ms)[0m   [0mPRAGMA index_list("schema_migrations")[0m
  [4;36;1mSQL (3.7ms)[0m   [0;1mCREATE UNIQUE INDEX "unique_schema_migrations" ON "schema_migrations" ("version")[0m
  [4;35;1mSQL (0.8ms)[0m   [0m SELECT name
 FROM sqlite_master
 WHERE type = 'table' AND NOT name = 'sqlite_sequence'
[0m
  [4;36;1mSQL (0.2ms)[0m   [0;1mSELECT version FROM "schema_migrations"[0m
  [4;35;1mSQL (2.2ms)[0m   [0mINSERT INTO "schema_migrations" (version) VALUES ('20100903153316')[0m
  [4;36;1mSQL (0.5ms)[0m   [0;1m SELECT name
 FROM sqlite_master
 WHERE type = 'table' AND NOT name = 'sqlite_sequence'
[0m
  [4;35;1mSQL (0.2ms)[0m   [0mSELECT version FROM schema_migrations[0m
  [4;36;1mSQL (0.2ms)[0m   [0;1mselect sqlite_version(*)[0m
  [4;35;1mSQL (0.2ms)[0m   [0m SELECT name
 FROM sqlite_master
 WHERE type = 'table' AND NOT name = 'sqlite_sequence'
[0m
  [4;36;1mSQL (4.2ms)[0m   [0;1mCREATE TABLE "countries" ("id" INTEGER PRIMARY KEY AUTOINCREMENT NOT NULL, "code" varchar(2), "name" varchar(255), "created_at" datetime, "updated_at" datetime) [0m
  [4;35;1mSQL (0.2ms)[0m   [0m SELECT name
 FROM sqlite_master
 WHERE type = 'table' AND NOT name = 'sqlite_sequence'
[0m
  [4;36;1mSQL (2.5ms)[0m   [0;1mCREATE TABLE "schema_migrations" ("version" varchar(255) NOT NULL) [0m
  [4;35;1mSQL (0.3ms)[0m   [0mPRAGMA index_list("schema_migrations")[0m
  [4;36;1mSQL (11.4ms)[0m   [0;1mCREATE UNIQUE INDEX "unique_schema_migrations" ON "schema_migrations" ("version")[0m
  [4;35;1mSQL (0.3ms)[0m   [0m SELECT name
 FROM sqlite_master
 WHERE type = 'table' AND NOT name = 'sqlite_sequence'
[0m
  [4;36;1mSQL (0.1ms)[0m   [0;1mSELECT version FROM "schema_migrations"[0m
  [4;35;1mSQL (5.7ms)[0m   [0mINSERT INTO "schema_migrations" (version) VALUES ('20100903153316')[0m
  [4;36;1mSQL (0.5ms)[0m   [0;1m SELECT name
 FROM sqlite_master
 WHERE type = 'table' AND NOT name = 'sqlite_sequence'
[0m
  [4;35;1mSQL (0.2ms)[0m   [0mSELECT version FROM schema_migrations[0m
  [4;36;1mSQL (0.2ms)[0m   [0;1mselect sqlite_version(*)[0m
  [4;35;1mSQL (0.2ms)[0m   [0m SELECT name
 FROM sqlite_master
 WHERE type = 'table' AND NOT name = 'sqlite_sequence'
[0m
  [4;36;1mSQL (2.8ms)[0m   [0;1mCREATE TABLE "countries" ("id" INTEGER PRIMARY KEY AUTOINCREMENT NOT NULL, "code" varchar(2), "name" varchar(255), "created_at" datetime, "updated_at" datetime) [0m
  [4;35;1mSQL (0.2ms)[0m   [0m SELECT name
 FROM sqlite_master
 WHERE type = 'table' AND NOT name = 'sqlite_sequence'
[0m
  [4;36;1mSQL (1.4ms)[0m   [0;1mCREATE TABLE "schema_migrations" ("version" varchar(255) NOT NULL) [0m
  [4;35;1mSQL (0.1ms)[0m   [0mPRAGMA index_list("schema_migrations")[0m
  [4;36;1mSQL (1.7ms)[0m   [0;1mCREATE UNIQUE INDEX "unique_schema_migrations" ON "schema_migrations" ("version")[0m
  [4;35;1mSQL (0.2ms)[0m   [0m SELECT name
 FROM sqlite_master
 WHERE type = 'table' AND NOT name = 'sqlite_sequence'
[0m
  [4;36;1mSQL (0.1ms)[0m   [0;1mSELECT version FROM "schema_migrations"[0m
  [4;35;1mSQL (4.8ms)[0m   [0mINSERT INTO "schema_migrations" (version) VALUES ('20100903153316')[0m
  [4;36;1mSQL (0.5ms)[0m   [0;1m SELECT name
 FROM sqlite_master
 WHERE type = 'table' AND NOT name = 'sqlite_sequence'
[0m
  [4;35;1mSQL (0.1ms)[0m   [0mSELECT version FROM schema_migrations[0m
  [4;36;1mSQL (0.2ms)[0m   [0;1mselect sqlite_version(*)[0m
  [4;35;1mSQL (0.2ms)[0m   [0m SELECT name
 FROM sqlite_master
 WHERE type = 'table' AND NOT name = 'sqlite_sequence'
[0m
  [4;36;1mSQL (2.5ms)[0m   [0;1mCREATE TABLE "countries" ("id" INTEGER PRIMARY KEY AUTOINCREMENT NOT NULL, "code" varchar(2), "name" varchar(255), "created_at" datetime, "updated_at" datetime) [0m
  [4;35;1mSQL (0.3ms)[0m   [0m SELECT name
 FROM sqlite_master
 WHERE type = 'table' AND NOT name = 'sqlite_sequence'
[0m
  [4;36;1mSQL (1.6ms)[0m   [0;1mCREATE TABLE "schema_migrations" ("version" varchar(255) NOT NULL) [0m
  [4;35;1mSQL (0.1ms)[0m   [0mPRAGMA index_list("schema_migrations")[0m
  [4;36;1mSQL (1.5ms)[0m   [0;1mCREATE UNIQUE INDEX "unique_schema_migrations" ON "schema_migrations" ("version")[0m
  [4;35;1mSQL (0.3ms)[0m   [0m SELECT name
 FROM sqlite_master
 WHERE type = 'table' AND NOT name = 'sqlite_sequence'
[0m
  [4;36;1mSQL (0.1ms)[0m   [0;1mSELECT version FROM "schema_migrations"[0m
  [4;35;1mSQL (3.6ms)[0m   [0mINSERT INTO "schema_migrations" (version) VALUES ('20100903153316')[0m
  [4;36;1mSQL (0.5ms)[0m   [0;1m SELECT name
 FROM sqlite_master
 WHERE type = 'table' AND NOT name = 'sqlite_sequence'
[0m
  [4;35;1mSQL (0.4ms)[0m   [0mSELECT version FROM schema_migrations[0m
Migrating to CreateCountries (20100903153316)
Migrating to CreateAirports (20100903181127)
  [4;36;1mSQL (0.1ms)[0m   [0;1mselect sqlite_version(*)[0m
  [4;35;1mSQL (20.7ms)[0m   [0mCREATE TABLE "airports" ("id" INTEGER PRIMARY KEY AUTOINCREMENT NOT NULL, "code" varchar(3), "name" varchar(255), "created_at" datetime, "updated_at" datetime) [0m
  [4;36;1mSQL (0.3ms)[0m   [0;1mINSERT INTO schema_migrations (version) VALUES ('20100903181127')[0m
  [4;35;1mSQL (0.6ms)[0m   [0m SELECT name
 FROM sqlite_master
 WHERE type = 'table' AND NOT name = 'sqlite_sequence'
[0m
  [4;36;1mSQL (0.3ms)[0m   [0;1mSELECT version FROM schema_migrations[0m
  [4;35;1mSQL (0.3ms)[0m   [0m SELECT name
 FROM sqlite_master
 WHERE type = 'table' AND NOT name = 'sqlite_sequence'
[0m
  [4;36;1mSQL (0.1ms)[0m   [0;1mPRAGMA index_list("airports")[0m
  [4;35;1mSQL (0.1ms)[0m   [0mPRAGMA index_list("countries")[0m
  [4;36;1mSQL (0.5ms)[0m   [0;1m SELECT name
 FROM sqlite_master
 WHERE type = 'table' AND NOT name = 'sqlite_sequence'
[0m
  [4;35;1mSQL (0.4ms)[0m   [0mSELECT version FROM schema_migrations[0m
Migrating to CreateCountries (20100903153316)
Migrating to CreateAirports (20100903181127)
  [4;36;1mSQL (0.3ms)[0m   [0;1mselect sqlite_version(*)[0m
  [4;35;1mSQL (0.4ms)[0m   [0m SELECT name
 FROM sqlite_master
 WHERE type = 'table' AND NOT name = 'sqlite_sequence'
[0m
  [4;36;1mSQL (0.3ms)[0m   [0;1mSELECT version FROM schema_migrations[0m
  [4;35;1mSQL (0.3ms)[0m   [0m SELECT name
 FROM sqlite_master
 WHERE type = 'table' AND NOT name = 'sqlite_sequence'
[0m
  [4;36;1mSQL (0.1ms)[0m   [0;1mPRAGMA index_list("airports")[0m
  [4;35;1mSQL (0.1ms)[0m   [0mPRAGMA index_list("countries")[0m
  [4;36;1mSQL (0.6ms)[0m   [0;1m SELECT name
 FROM sqlite_master
 WHERE type = 'table' AND NOT name = 'sqlite_sequence'
[0m
  [4;35;1mSQL (0.3ms)[0m   [0mSELECT version FROM schema_migrations[0m
Migrating to CreateCountries (20100903153316)
Migrating to CreateAirports (20100903181127)
  [4;36;1mSQL (0.2ms)[0m   [0;1mselect sqlite_version(*)[0m
  [4;35;1mSQL (0.2ms)[0m   [0m SELECT name
 FROM sqlite_master
 WHERE type = 'table' AND NOT name = 'sqlite_sequence'
[0m
  [4;36;1mSQL (0.2ms)[0m   [0;1mSELECT version FROM schema_migrations[0m
  [4;35;1mSQL (0.2ms)[0m   [0m SELECT name
 FROM sqlite_master
 WHERE type = 'table' AND NOT name = 'sqlite_sequence'
[0m
  [4;36;1mSQL (0.1ms)[0m   [0;1mPRAGMA index_list("airports")[0m
  [4;35;1mSQL (0.0ms)[0m   [0mPRAGMA index_list("countries")[0m
  [4;36;1mSQL (0.5ms)[0m   [0;1m SELECT name
 FROM sqlite_master
 WHERE type = 'table' AND NOT name = 'sqlite_sequence'
[0m
  [4;35;1mSQL (0.4ms)[0m   [0mSELECT version FROM schema_migrations[0m
  [4;36;1mSQL (0.2ms)[0m   [0;1mselect sqlite_version(*)[0m
  [4;35;1mSQL (0.3ms)[0m   [0m SELECT name
 FROM sqlite_master
 WHERE type = 'table' AND NOT name = 'sqlite_sequence'
[0m
  [4;36;1mSQL (2.8ms)[0m   [0;1mCREATE TABLE "airports" ("id" INTEGER PRIMARY KEY AUTOINCREMENT NOT NULL, "code" varchar(3), "name" varchar(255), "created_at" datetime, "updated_at" datetime) [0m
  [4;35;1mSQL (0.3ms)[0m   [0m SELECT name
 FROM sqlite_master
 WHERE type = 'table' AND NOT name = 'sqlite_sequence'
[0m
  [4;36;1mSQL (2.5ms)[0m   [0;1mCREATE TABLE "countries" ("id" INTEGER PRIMARY KEY AUTOINCREMENT NOT NULL, "code" varchar(2), "name" varchar(255), "created_at" datetime, "updated_at" datetime) [0m
  [4;35;1mSQL (0.2ms)[0m   [0m SELECT name
 FROM sqlite_master
 WHERE type = 'table' AND NOT name = 'sqlite_sequence'
[0m
  [4;36;1mSQL (3.9ms)[0m   [0;1mCREATE TABLE "schema_migrations" ("version" varchar(255) NOT NULL) [0m
  [4;35;1mSQL (0.1ms)[0m   [0mPRAGMA index_list("schema_migrations")[0m
  [4;36;1mSQL (5.3ms)[0m   [0;1mCREATE UNIQUE INDEX "unique_schema_migrations" ON "schema_migrations" ("version")[0m
  [4;35;1mSQL (0.4ms)[0m   [0m SELECT name
 FROM sqlite_master
 WHERE type = 'table' AND NOT name = 'sqlite_sequence'
[0m
  [4;36;1mSQL (0.2ms)[0m   [0;1mSELECT version FROM "schema_migrations"[0m
  [4;35;1mSQL (2.9ms)[0m   [0mINSERT INTO "schema_migrations" (version) VALUES ('20100903181127')[0m
  [4;36;1mSQL (4.3ms)[0m   [0;1mINSERT INTO "schema_migrations" (version) VALUES ('20100903153316')[0m
  [4;36;1mSQL (0.6ms)[0m   [0;1m SELECT name
 FROM sqlite_master
 WHERE type = 'table' AND NOT name = 'sqlite_sequence'
[0m
  [4;35;1mSQL (0.5ms)[0m   [0mSELECT version FROM schema_migrations[0m
  [4;36;1mSQL (0.2ms)[0m   [0;1mselect sqlite_version(*)[0m
  [4;35;1mSQL (0.2ms)[0m   [0m SELECT name
 FROM sqlite_master
 WHERE type = 'table' AND NOT name = 'sqlite_sequence'
[0m
  [4;36;1mSQL (2.5ms)[0m   [0;1mCREATE TABLE "airports" ("id" INTEGER PRIMARY KEY AUTOINCREMENT NOT NULL, "code" varchar(3), "name" varchar(255), "created_at" datetime, "updated_at" datetime) [0m
  [4;35;1mSQL (0.2ms)[0m   [0m SELECT name
 FROM sqlite_master
 WHERE type = 'table' AND NOT name = 'sqlite_sequence'
[0m
  [4;36;1mSQL (2.7ms)[0m   [0;1mCREATE TABLE "countries" ("id" INTEGER PRIMARY KEY AUTOINCREMENT NOT NULL, "code" varchar(2), "name" varchar(255), "created_at" datetime, "updated_at" datetime) [0m
  [4;35;1mSQL (0.2ms)[0m   [0m SELECT name
 FROM sqlite_master
 WHERE type = 'table' AND NOT name = 'sqlite_sequence'
[0m
  [4;36;1mSQL (2.8ms)[0m   [0;1mCREATE TABLE "schema_migrations" ("version" varchar(255) NOT NULL) [0m
  [4;35;1mSQL (0.1ms)[0m   [0mPRAGMA index_list("schema_migrations")[0m
  [4;36;1mSQL (2.8ms)[0m   [0;1mCREATE UNIQUE INDEX "unique_schema_migrations" ON "schema_migrations" ("version")[0m
  [4;35;1mSQL (0.2ms)[0m   [0m SELECT name
 FROM sqlite_master
 WHERE type = 'table' AND NOT name = 'sqlite_sequence'
[0m
  [4;36;1mSQL (0.1ms)[0m   [0;1mSELECT version FROM "schema_migrations"[0m
  [4;35;1mSQL (3.1ms)[0m   [0mINSERT INTO "schema_migrations" (version) VALUES ('20100903181127')[0m
  [4;36;1mSQL (2.7ms)[0m   [0;1mINSERT INTO "schema_migrations" (version) VALUES ('20100903153316')[0m
  [4;36;1mSQL (0.5ms)[0m   [0;1m SELECT name
 FROM sqlite_master
 WHERE type = 'table' AND NOT name = 'sqlite_sequence'
[0m
  [4;35;1mSQL (0.2ms)[0m   [0mSELECT version FROM schema_migrations[0m
  [4;36;1mSQL (0.2ms)[0m   [0;1mselect sqlite_version(*)[0m
  [4;35;1mSQL (0.2ms)[0m   [0m SELECT name
 FROM sqlite_master
 WHERE type = 'table' AND NOT name = 'sqlite_sequence'
[0m
  [4;36;1mSQL (2.7ms)[0m   [0;1mCREATE TABLE "airports" ("id" INTEGER PRIMARY KEY AUTOINCREMENT NOT NULL, "code" varchar(3), "name" varchar(255), "created_at" datetime, "updated_at" datetime) [0m
  [4;35;1mSQL (0.2ms)[0m   [0m SELECT name
 FROM sqlite_master
 WHERE type = 'table' AND NOT name = 'sqlite_sequence'
[0m
  [4;36;1mSQL (1.6ms)[0m   [0;1mCREATE TABLE "countries" ("id" INTEGER PRIMARY KEY AUTOINCREMENT NOT NULL, "code" varchar(2), "name" varchar(255), "created_at" datetime, "updated_at" datetime) [0m
  [4;35;1mSQL (0.2ms)[0m   [0m SELECT name
 FROM sqlite_master
 WHERE type = 'table' AND NOT name = 'sqlite_sequence'
[0m
  [4;36;1mSQL (1.8ms)[0m   [0;1mCREATE TABLE "schema_migrations" ("version" varchar(255) NOT NULL) [0m
  [4;35;1mSQL (0.1ms)[0m   [0mPRAGMA index_list("schema_migrations")[0m
  [4;36;1mSQL (4.2ms)[0m   [0;1mCREATE UNIQUE INDEX "unique_schema_migrations" ON "schema_migrations" ("version")[0m
  [4;35;1mSQL (0.3ms)[0m   [0m SELECT name
 FROM sqlite_master
 WHERE type = 'table' AND NOT name = 'sqlite_sequence'
[0m
  [4;36;1mSQL (0.1ms)[0m   [0;1mSELECT version FROM "schema_migrations"[0m
  [4;35;1mSQL (2.7ms)[0m   [0mINSERT INTO "schema_migrations" (version) VALUES ('20100903181127')[0m
  [4;36;1mSQL (3.3ms)[0m   [0;1mINSERT INTO "schema_migrations" (version) VALUES ('20100903153316')[0m
  [4;36;1mSQL (0.7ms)[0m   [0;1m SELECT name
 FROM sqlite_master
 WHERE type = 'table' AND NOT name = 'sqlite_sequence'
[0m
  [4;35;1mSQL (0.5ms)[0m   [0mSELECT version FROM schema_migrations[0m
Migrating to CreateCountries (20100903153316)
Migrating to CreateAirports (20100903181127)
Migrating to AddCountryIdToAirports (20100903190854)
  [4;36;1mSQL (0.1ms)[0m   [0;1mselect sqlite_version(*)[0m
  [4;35;1mSQL (15.4ms)[0m   [0mALTER TABLE "airports" ADD "country_id" integer[0m
  [4;36;1mSQL (0.3ms)[0m   [0;1mINSERT INTO schema_migrations (version) VALUES ('20100903190854')[0m
  [4;35;1mSQL (0.4ms)[0m   [0m SELECT name
 FROM sqlite_master
 WHERE type = 'table' AND NOT name = 'sqlite_sequence'
[0m
  [4;36;1mSQL (0.3ms)[0m   [0;1mSELECT version FROM schema_migrations[0m
  [4;35;1mSQL (0.3ms)[0m   [0m SELECT name
 FROM sqlite_master
 WHERE type = 'table' AND NOT name = 'sqlite_sequence'
[0m
  [4;36;1mSQL (0.1ms)[0m   [0;1mPRAGMA index_list("airports")[0m
  [4;35;1mSQL (0.1ms)[0m   [0mPRAGMA index_list("countries")[0m
  [4;36;1mSQL (0.7ms)[0m   [0;1m SELECT name
 FROM sqlite_master
 WHERE type = 'table' AND NOT name = 'sqlite_sequence'
[0m
  [4;35;1mSQL (0.5ms)[0m   [0mSELECT version FROM schema_migrations[0m
  [4;36;1mSQL (0.2ms)[0m   [0;1mselect sqlite_version(*)[0m
  [4;35;1mSQL (0.3ms)[0m   [0m SELECT name
 FROM sqlite_master
 WHERE type = 'table' AND NOT name = 'sqlite_sequence'
[0m
  [4;36;1mSQL (2.8ms)[0m   [0;1mCREATE TABLE "airports" ("id" INTEGER PRIMARY KEY AUTOINCREMENT NOT NULL, "code" varchar(3), "name" varchar(255), "created_at" datetime, "updated_at" datetime, "country_id" integer) [0m
  [4;35;1mSQL (0.3ms)[0m   [0m SELECT name
 FROM sqlite_master
 WHERE type = 'table' AND NOT name = 'sqlite_sequence'
[0m
  [4;36;1mSQL (2.3ms)[0m   [0;1mCREATE TABLE "countries" ("id" INTEGER PRIMARY KEY AUTOINCREMENT NOT NULL, "code" varchar(2), "name" varchar(255), "created_at" datetime, "updated_at" datetime) [0m
  [4;35;1mSQL (0.3ms)[0m   [0m SELECT name
 FROM sqlite_master
 WHERE type = 'table' AND NOT name = 'sqlite_sequence'
[0m
  [4;36;1mSQL (4.3ms)[0m   [0;1mCREATE TABLE "schema_migrations" ("version" varchar(255) NOT NULL) [0m
  [4;35;1mSQL (0.1ms)[0m   [0mPRAGMA index_list("schema_migrations")[0m
  [4;36;1mSQL (3.2ms)[0m   [0;1mCREATE UNIQUE INDEX "unique_schema_migrations" ON "schema_migrations" ("version")[0m
  [4;35;1mSQL (0.3ms)[0m   [0m SELECT name
 FROM sqlite_master
 WHERE type = 'table' AND NOT name = 'sqlite_sequence'
[0m
  [4;36;1mSQL (0.1ms)[0m   [0;1mSELECT version FROM "schema_migrations"[0m
  [4;35;1mSQL (2.7ms)[0m   [0mINSERT INTO "schema_migrations" (version) VALUES ('20100903190854')[0m
  [4;36;1mSQL (2.9ms)[0m   [0;1mINSERT INTO "schema_migrations" (version) VALUES ('20100903153316')[0m
  [4;35;1mSQL (2.5ms)[0m   [0mINSERT INTO "schema_migrations" (version) VALUES ('20100903181127')[0m
  [4;36;1mCountry Load (0.4ms)[0m   [0;1mSELECT * FROM "countries" [0m
  [4;35;1mCountry Load (0.4ms)[0m   [0mSELECT "countries".id FROM "countries" WHERE ("countries"."code" = 'DE') LIMIT 1[0m
  [4;36;1mCountry Create (33.8ms)[0m   [0;1mINSERT INTO "countries" ("name", "created_at", "code", "updated_at") VALUES('Germany', '2010-09-03 20:09:31', 'DE', '2010-09-03 20:09:31')[0m
  [4;35;1mAirport Load (0.5ms)[0m   [0mSELECT "airports".id FROM "airports" WHERE ("airports"."code" = 'HAM') LIMIT 1[0m
  [4;36;1mAirport Create (0.9ms)[0m   [0;1mINSERT INTO "airports" ("name", "created_at", "code", "updated_at", "country_id") VALUES('Hamburg Int. Airport', '2010-09-03 20:10:23', 'HAM', '2010-09-03 20:10:23', NULL)[0m
  [4;35;1mAirport Load (0.5ms)[0m   [0mSELECT "airports".id FROM "airports" WHERE ("airports"."code" = 'HAM' AND "airports".id <> 1) LIMIT 1[0m
  [4;36;1mAirport Load (0.5ms)[0m   [0;1mSELECT * FROM "airports" [0m
  [4;35;1mAirport Load (0.4ms)[0m   [0mSELECT "airports".id FROM "airports" WHERE ("airports"."code" = 'FRA') LIMIT 1[0m
  [4;36;1mAirport Create (0.8ms)[0m   [0;1mINSERT INTO "airports" ("name", "created_at", "code", "updated_at", "country_id") VALUES('Frankf.Int.Airport', '2010-09-03 20:12:39', 'FRA', '2010-09-03 20:12:39', 1)[0m
  [4;35;1mCountry Load (0.4ms)[0m   [0mSELECT * FROM "countries" WHERE ("countries"."id" = 1) [0m
  [4;36;1mCountry Load (0.5ms)[0m   [0;1mSELECT * FROM "countries" [0m
  [4;35;1mCountry Load (0.5ms)[0m   [0mSELECT * FROM "countries" LIMIT 1[0m
  [4;36;1mCountry Load (0.5ms)[0m   [0;1mSELECT * FROM "countries" LIMIT 1[0m
  [4;35;1mCountry Load (0.4ms)[0m   [0mSELECT * FROM "countries" LIMIT 1[0m


Processing Rails::InfoController#properties (for 127.0.0.1 at 2010-09-03 22:51:56) [GET]
  [4;36;1mSQL (65.4ms)[0m   [0;1m SELECT name
 FROM sqlite_master
 WHERE type = 'table' AND NOT name = 'sqlite_sequence'
[0m
  [4;35;1mSQL (0.5ms)[0m   [0mSELECT version FROM schema_migrations[0m
Completed in 1718ms (View: 225, DB: 66) | 200 OK [http://localhost/rails/info/properties]


Processing Rails::InfoController#properties (for 127.0.0.1 at 2010-09-03 22:51:58) [GET]
  [4;36;1mSQL (0.7ms)[0m   [0;1m SELECT name
 FROM sqlite_master
 WHERE type = 'table' AND NOT name = 'sqlite_sequence'
[0m
  [4;35;1mSQL (31.6ms)[0m   [0mSELECT version FROM schema_migrations[0m
Completed in 221ms (View: 3, DB: 32) | 200 OK [http://localhost/rails/info/properties]


Processing Rails::InfoController#properties (for 127.0.0.1 at 2010-09-03 22:51:58) [GET]
  [4;36;1mSQL (0.8ms)[0m   [0;1m SELECT name
 FROM sqlite_master
 WHERE type = 'table' AND NOT name = 'sqlite_sequence'
[0m
  [4;35;1mSQL (0.4ms)[0m   [0mSELECT version FROM schema_migrations[0m
Completed in 92ms (View: 3, DB: 1) | 200 OK [http://localhost/rails/info/properties]


Processing Rails::InfoController#properties (for 127.0.0.1 at 2010-09-03 22:51:59) [GET]
  [4;36;1mSQL (0.7ms)[0m   [0;1m SELECT name
 FROM sqlite_master
 WHERE type = 'table' AND NOT name = 'sqlite_sequence'
[0m
  [4;35;1mSQL (0.3ms)[0m   [0mSELECT version FROM schema_migrations[0m
Completed in 44ms (View: 2, DB: 1) | 200 OK [http://localhost/rails/info/properties]


Processing Rails::InfoController#properties (for 127.0.0.1 at 2010-09-03 22:51:59) [GET]
  [4;36;1mSQL (0.7ms)[0m   [0;1m SELECT name
 FROM sqlite_master
 WHERE type = 'table' AND NOT name = 'sqlite_sequence'
[0m
  [4;35;1mSQL (0.4ms)[0m   [0mSELECT version FROM schema_migrations[0m
Completed in 115ms (View: 5, DB: 1) | 200 OK [http://localhost/rails/info/properties]


Processing Rails::InfoController#properties (for 127.0.0.1 at 2010-09-03 22:51:59) [GET]
  [4;36;1mSQL (9.9ms)[0m   [0;1m SELECT name
 FROM sqlite_master
 WHERE type = 'table' AND NOT name = 'sqlite_sequence'
[0m
  [4;35;1mSQL (0.8ms)[0m   [0mSELECT version FROM schema_migrations[0m
Completed in 100ms (View: 23, DB: 11) | 200 OK [http://localhost/rails/info/properties]


Processing Rails::InfoController#properties (for 127.0.0.1 at 2010-09-03 22:52:02) [GET]
  [4;36;1mSQL (0.8ms)[0m   [0;1m SELECT name
 FROM sqlite_master
 WHERE type = 'table' AND NOT name = 'sqlite_sequence'
[0m
  [4;35;1mSQL (0.3ms)[0m   [0mSELECT version FROM schema_migrations[0m
Completed in 133ms (View: 3, DB: 1) | 200 OK [http://localhost/rails/info/properties]
